#
# There is insufficient memory for the Java Runtime Environment to continue.
# Native memory allocation (mmap) failed to map 132120576 bytes for G1 virtual space
# Possible reasons:
#   The system is out of physical RAM or swap space
#   The process is running with CompressedOops enabled, and the Java Heap may be blocking the growth of the native heap
# Possible solutions:
#   Reduce memory load on the system
#   Increase physical memory or swap space
#   Check if swap backing store is full
#   Decrease Java heap size (-Xmx/-Xms)
#   Decrease number of Java threads
#   Decrease Java thread stack sizes (-Xss)
#   Set larger code cache with -XX:ReservedCodeCacheSize=
#   JVM is running with Unscaled Compressed Oops mode in which the Java heap is
#     placed in the first 4GB address space. The Java Heap base address is the
#     maximum limit for the native heap growth. Please use -XX:HeapBaseMinAddress
#     to set the Java Heap base and to place the Java Heap above 4GB virtual address.
# This output file may be truncated or incomplete.
#
#  Out of Memory Error (os_windows.cpp:3613), pid=59080, tid=73424
#
# JRE version:  (17.0.9+9) (build )
# Java VM: OpenJDK 64-Bit Server VM (17.0.9+9, mixed mode, sharing, tiered, compressed oops, compressed class ptrs, g1 gc, windows-amd64)
# No core dump will be written. Minidumps are not enabled by default on client versions of Windows
#

---------------  S U M M A R Y ------------

Command Line: -Dcom.android.sdklib.toolsdir=D:\programms\Editor\6000.0.28f1\Editor\Data\PlaybackEngines\AndroidPlayer\SDK\cmdline-tools\6.0\bin\\.. com.android.sdklib.tool.sdkmanager.SdkManagerCli --list

Host: 11th Gen Intel(R) Core(TM) i5-1135G7 @ 2.40GHz, 8 cores, 7G,  Windows 11 , 64 bit Build 22621 (10.0.22621.4830)
Time: Sun Mar  9 22:31:24 2025 RTZ 2 (s 11 , 64 bit Build 22621 (10.0.22621.4830) elapsed time: 0.015437 seconds (0d 0h 0m 0s)

---------------  T H R E A D  ---------------

Current thread (0x000001bba591d930):  JavaThread "Unknown thread" [_thread_in_vm, id=73424, stack(0x0000000100600000,0x0000000100700000)]

Stack: [0x0000000100600000,0x0000000100700000]
Native frames: (J=compiled Java code, j=interpreted, Vv=VM code, C=native code)
V  [jvm.dll+0x67cf49]
V  [jvm.dll+0x83478a]
V  [jvm.dll+0x83624e]
V  [jvm.dll+0x8368b3]
V  [jvm.dll+0x247f1f]
V  [jvm.dll+0x679d69]
V  [jvm.dll+0x66e6ba]
V  [jvm.dll+0x307e5b]
V  [jvm.dll+0x30f306]
V  [jvm.dll+0x35f0ce]
V  [jvm.dll+0x35f2ff]
V  [jvm.dll+0x2dea58]
V  [jvm.dll+0x2df9c4]
V  [jvm.dll+0x806031]
V  [jvm.dll+0x36cf31]
V  [jvm.dll+0x7e4aac]
V  [jvm.dll+0x3f07af]
V  [jvm.dll+0x3f23e1]
C  [jli.dll+0x528f]
C  [ucrtbase.dll+0x29333]
C  [KERNEL32.DLL+0x1259d]
C  [ntdll.dll+0x5af38]


---------------  P R O C E S S  ---------------

Threads class SMR info:
_java_thread_list=0x00007fff5b0dee98, length=0, elements={
}

Java Threads: ( => current thread )

Other Threads:
  0x000001bba5975cd0 GCTaskThread "GC Thread#0" [stack: 0x0000000100700000,0x0000000100800000] [id=83648]
  0x000001bba59875f0 ConcurrentGCThread "G1 Main Marker" [stack: 0x0000000100800000,0x0000000100900000] [id=76944]
  0x000001bba5988010 ConcurrentGCThread "G1 Conc#0" [stack: 0x0000000100900000,0x0000000100a00000] [id=83388]

[error occurred during error reporting (printing all threads), id 0xc0000005, EXCEPTION_ACCESS_VIOLATION (0xc0000005) at pc=0x00007fff5a89f497]

VM state: not at safepoint (not fully initialized)

VM Mutex/Monitor currently owned by a thread:  ([mutex/lock_event])
[0x000001bba5918690] Heap_lock - owner thread: 0x000001bba591d930

Heap address: 0x0000000083200000, size: 1998 MB, Compressed Oops mode: 32-bit

CDS archive(s) mapped at: [0x0000000000000000-0x0000000000000000-0x0000000000000000), size 0, SharedBaseAddress: 0x0000000800000000, ArchiveRelocationMode: 1.
Narrow klass base: 0x0000000000000000, Narrow klass shift: 0, Narrow klass range: 0x0

GC Precious Log:
<Empty>

Heap:
 garbage-first heap   total 0K, used 0K [0x0000000083200000, 0x0000000100000000)
  region size 1024K, 0 young (0K), 0 survivors (0K)

[error occurred during error reporting (printing heap information), id 0xc0000005, EXCEPTION_ACCESS_VIOLATION (0xc0000005) at pc=0x00007fff5ac86c79]

GC Heap History (0 events):
No events

Dll operation events (1 events):
Event: 0.008 Loaded shared library D:\programms\Editor\6000.0.28f1\Editor\Data\PlaybackEngines\AndroidPlayer\OpenJDK\bin\java.dll

Deoptimization events (0 events):
No events

Classes unloaded (0 events):
No events

Classes redefined (0 events):
No events

Internal exceptions (0 events):
No events

VM Operations (0 events):
No events

Events (0 events):
No events


Dynamic libraries:
0x00007ff75df00000 - 0x00007ff75df0e000 	D:\programms\Editor\6000.0.28f1\Editor\Data\PlaybackEngines\AndroidPlayer\OpenJDK\bin\java.exe
0x00007fffdc890000 - 0x00007fffdcaa7000 	C:\WINDOWS\SYSTEM32\ntdll.dll
0x00007fffdbda0000 - 0x00007fffdbe64000 	C:\WINDOWS\System32\KERNEL32.DLL
0x00007fffd9e70000 - 0x00007fffda240000 	C:\WINDOWS\System32\KERNELBASE.dll
0x00007fffd9cd0000 - 0x00007fffd9de1000 	C:\WINDOWS\System32\ucrtbase.dll
0x00007fffc7e80000 - 0x00007fffc7e97000 	D:\programms\Editor\6000.0.28f1\Editor\Data\PlaybackEngines\AndroidPlayer\OpenJDK\bin\jli.dll
0x00007fffd21a0000 - 0x00007fffd21bb000 	D:\programms\Editor\6000.0.28f1\Editor\Data\PlaybackEngines\AndroidPlayer\OpenJDK\bin\VCRUNTIME140.dll
0x00007fffdbf10000 - 0x00007fffdc0be000 	C:\WINDOWS\System32\USER32.dll
0x00007fffd9c00000 - 0x00007fffd9c26000 	C:\WINDOWS\System32\win32u.dll
0x00007fffb9100000 - 0x00007fffb9392000 	C:\WINDOWS\WinSxS\amd64_microsoft.windows.common-controls_6595b64144ccf1df_6.0.22621.4830_none_270fe7d773858e80\COMCTL32.dll
0x00007fffdb000000 - 0x00007fffdb029000 	C:\WINDOWS\System32\GDI32.dll
0x00007fffdc270000 - 0x00007fffdc317000 	C:\WINDOWS\System32\msvcrt.dll
0x00007fffda3e0000 - 0x00007fffda4fb000 	C:\WINDOWS\System32\gdi32full.dll
0x00007fffd9c30000 - 0x00007fffd9cca000 	C:\WINDOWS\System32\msvcp_win.dll
0x00007fffdc4f0000 - 0x00007fffdc521000 	C:\WINDOWS\System32\IMM32.DLL
0x00007fffd42d0000 - 0x00007fffd42dc000 	D:\programms\Editor\6000.0.28f1\Editor\Data\PlaybackEngines\AndroidPlayer\OpenJDK\bin\vcruntime140_1.dll
0x00007fff93d60000 - 0x00007fff93ded000 	D:\programms\Editor\6000.0.28f1\Editor\Data\PlaybackEngines\AndroidPlayer\OpenJDK\bin\msvcp140.dll
0x00007fff5a5b0000 - 0x00007fff5b211000 	D:\programms\Editor\6000.0.28f1\Editor\Data\PlaybackEngines\AndroidPlayer\OpenJDK\bin\server\jvm.dll
0x00007fffdc320000 - 0x00007fffdc3d1000 	C:\WINDOWS\System32\ADVAPI32.dll
0x00007fffdc0e0000 - 0x00007fffdc187000 	C:\WINDOWS\System32\sechost.dll
0x00007fffda3b0000 - 0x00007fffda3d8000 	C:\WINDOWS\System32\bcrypt.dll
0x00007fffdacb0000 - 0x00007fffdadc4000 	C:\WINDOWS\System32\RPCRT4.dll
0x00007fffd89a0000 - 0x00007fffd89ed000 	C:\WINDOWS\SYSTEM32\POWRPROF.dll
0x00007fffabe70000 - 0x00007fffabe79000 	C:\WINDOWS\SYSTEM32\WSOCK32.dll
0x00007fffcee00000 - 0x00007fffcee0a000 	C:\WINDOWS\SYSTEM32\VERSION.dll
0x00007fffda740000 - 0x00007fffda7b1000 	C:\WINDOWS\System32\WS2_32.dll
0x00007fffd78a0000 - 0x00007fffd78d4000 	C:\WINDOWS\SYSTEM32\WINMM.dll
0x00007fffd8980000 - 0x00007fffd8993000 	C:\WINDOWS\SYSTEM32\UMPDC.dll
0x00007fffd8c30000 - 0x00007fffd8c48000 	C:\WINDOWS\SYSTEM32\kernel.appcore.dll
0x00007fffd41d0000 - 0x00007fffd41da000 	D:\programms\Editor\6000.0.28f1\Editor\Data\PlaybackEngines\AndroidPlayer\OpenJDK\bin\jimage.dll
0x00007fffd7160000 - 0x00007fffd7392000 	C:\WINDOWS\SYSTEM32\DBGHELP.DLL
0x00007fffda920000 - 0x00007fffdacb0000 	C:\WINDOWS\System32\combase.dll
0x00007fffdc190000 - 0x00007fffdc267000 	C:\WINDOWS\System32\OLEAUT32.dll
0x00007fffb8f40000 - 0x00007fffb8f72000 	C:\WINDOWS\SYSTEM32\dbgcore.DLL
0x00007fffda500000 - 0x00007fffda57b000 	C:\WINDOWS\System32\bcryptPrimitives.dll
0x00007fffb48f0000 - 0x00007fffb4915000 	D:\programms\Editor\6000.0.28f1\Editor\Data\PlaybackEngines\AndroidPlayer\OpenJDK\bin\java.dll

dbghelp: loaded successfully - version: 4.0.5 - missing functions: none
symbol engine: initialized successfully - sym options: 0x614 - pdb path: .;D:\programms\Editor\6000.0.28f1\Editor\Data\PlaybackEngines\AndroidPlayer\OpenJDK\bin;C:\WINDOWS\SYSTEM32;C:\WINDOWS\WinSxS\amd64_microsoft.windows.common-controls_6595b64144ccf1df_6.0.22621.4830_none_270fe7d773858e80;D:\programms\Editor\6000.0.28f1\Editor\Data\PlaybackEngines\AndroidPlayer\OpenJDK\bin\server

VM Arguments:
jvm_args: -Dcom.android.sdklib.toolsdir=D:\programms\Editor\6000.0.28f1\Editor\Data\PlaybackEngines\AndroidPlayer\SDK\cmdline-tools\6.0\bin\\.. 
java_command: com.android.sdklib.tool.sdkmanager.SdkManagerCli --list
java_class_path (initial): D:\programms\Editor\6000.0.28f1\Editor\Data\PlaybackEngines\AndroidPlayer\SDK\cmdline-tools\6.0\bin\..\lib\sdkmanager-classpath.jar
Launcher Type: SUN_STANDARD

[Global flags]
     intx CICompilerCount                          = 4                                         {product} {ergonomic}
     uint ConcGCThreads                            = 2                                         {product} {ergonomic}
     uint G1ConcRefinementThreads                  = 8                                         {product} {ergonomic}
   size_t G1HeapRegionSize                         = 1048576                                   {product} {ergonomic}
    uintx GCDrainStackTargetSize                   = 64                                        {product} {ergonomic}
   size_t InitialHeapSize                          = 132120576                                 {product} {ergonomic}
   size_t MarkStackSize                            = 4194304                                   {product} {ergonomic}
   size_t MaxHeapSize                              = 2095054848                                {product} {ergonomic}
   size_t MinHeapDeltaBytes                        = 1048576                                   {product} {ergonomic}
   size_t MinHeapSize                              = 8388608                                   {product} {ergonomic}
    uintx NonNMethodCodeHeapSize                   = 5839372                                {pd product} {ergonomic}
    uintx NonProfiledCodeHeapSize                  = 122909434                              {pd product} {ergonomic}
    uintx ProfiledCodeHeapSize                     = 122909434                              {pd product} {ergonomic}
    uintx ReservedCodeCacheSize                    = 251658240                              {pd product} {ergonomic}
     bool SegmentedCodeCache                       = true                                      {product} {ergonomic}
   size_t SoftMaxHeapSize                          = 2095054848                             {manageable} {ergonomic}
     bool UseCompressedClassPointers               = true                           {product lp64_product} {ergonomic}
     bool UseCompressedOops                        = true                           {product lp64_product} {ergonomic}
     bool UseG1GC                                  = true                                      {product} {ergonomic}
     bool UseLargePagesIndividualAllocation        = false                                  {pd product} {ergonomic}

Logging:
Log output configuration:
 #0: stdout all=warning uptime,level,tags
 #1: stderr all=off uptime,level,tags

Environment Variables:
JAVA_HOME=D:\programms\Editor\6000.0.28f1\Editor\Data\PlaybackEngines\AndroidPlayer\OpenJDK
CLASSPATH=D:\programms\Editor\6000.0.28f1\Editor\Data\PlaybackEngines\AndroidPlayer\SDK\cmdline-tools\6.0\bin\..\lib\sdkmanager-classpath.jar
PATH=C:\Program Files\Common Files\Oracle\Java\javapath;C:\Program Files (x86)\NVIDIA Corporation\PhysX\Common;C:\Program Files (x86)\Common Files\Oracle\Java\javapath;C:\ProgramData\Oracle\Java\javapath;C:\Windows\System32\HWAudioDriverLibs;C:\Windows\system32;C:\Windows;C:\Windows\System32\Wbem;C:\Windows\System32\WindowsPowerShell\v1.0\;C:\Windows\System32\OpenSSH\;C:\Users\Administrator\AppData\Local\Microsoft\WindowsApps;C:\Program Files\Docker\Docker\resources\bin;C:\ProgramData\DockerDesktop\version-bin;C:\Program Files\dotnet\;C:\WINDOWS\system32;C:\WINDOWS;C:\WINDOWS\System32\Wbem;C:\WINDOWS\System32\WindowsPowerShell\v1.0\;C:\WINDOWS\System32\OpenSSH\;D:\brotli;D:\Git\cmd;C:\Program Files (x86)\Incredibuild;C:\Program Files (x86)\Windows Kits\10\Windows Performance Toolkit\;C:\Users\rusla\AppData\Local\Programs\Python\Python310\Scripts\;C:\Users\rusla\AppData\Local\Programs\Python\Python310\;C:\Users\rusla\AppData\Local\Microsoft\WindowsApps;D:\programms\JetBrains Rider 2022.2.4\bin;;C:\Users\rusla\AppData\Local\GitHubDesktop\bin;C:\Users\rusla\.dotnet\tools;D:\programms\Microsoft VS Code\bin;C:\Users\rusla\.dotnet\tools
USERNAME=rusla
OS=Windows_NT
PROCESSOR_IDENTIFIER=Intel64 Family 6 Model 140 Stepping 1, GenuineIntel
TMP=C:\Users\rusla\AppData\Local\Temp
TEMP=C:\Users\rusla\AppData\Local\Temp



Periodic native trim disabled


---------------  S Y S T E M  ---------------

OS:
 Windows 11 , 64 bit Build 22621 (10.0.22621.4830)
OS uptime: 20 days 3:08 hours
Hyper-V role detected

CPU: total 8 (initial active 8) (4 cores per cpu, 2 threads per core) family 6 model 140 stepping 1 microcode 0x8a, cx8, cmov, fxsr, ht, mmx, 3dnowpref, sse, sse2, sse3, ssse3, sse4.1, sse4.2, popcnt, lzcnt, tsc, tscinvbit, avx, avx2, aes, erms, clmul, bmi1, bmi2, adx, avx512f, avx512dq, avx512cd, avx512bw, avx512vl, sha, fma, vzeroupper, avx512_vpopcntdq, avx512_vpclmulqdq, avx512_vaes, avx512_vnni, clflush, clflushopt, clwb, avx512_vbmi2, avx512_vbmi, hv
Processor Information for processor 0
  Max Mhz: 2419, Current Mhz: 2419, Mhz Limit: 2419
Processor Information for processor 1
  Max Mhz: 2419, Current Mhz: 2419, Mhz Limit: 2419
Processor Information for processor 2
  Max Mhz: 2419, Current Mhz: 2419, Mhz Limit: 2419
Processor Information for processor 3
  Max Mhz: 2419, Current Mhz: 1209, Mhz Limit: 2419
Processor Information for processor 4
  Max Mhz: 2419, Current Mhz: 1209, Mhz Limit: 2419
Processor Information for processor 5
  Max Mhz: 2419, Current Mhz: 1209, Mhz Limit: 2419
Processor Information for processor 6
  Max Mhz: 2419, Current Mhz: 2419, Mhz Limit: 2419
Processor Information for processor 7
  Max Mhz: 2419, Current Mhz: 1209, Mhz Limit: 2419

Memory: 4k page, system-wide physical 7991M (552M free)
TotalPageFile size 32567M (AvailPageFile size 55M)
current process WorkingSet (physical memory assigned to process): 11M, peak: 11M
current process commit charge ("private bytes"): 60M, peak: 186M

vm_info: OpenJDK 64-Bit Server VM (17.0.9+9) for windows-amd64 JRE (17.0.9+9), built on Oct 26 2023 14:01:42 by "admin" with MS VC++ 16.10 / 16.11 (VS2019)

END.
